  [1m[35m (0.0ms)[0m  [1m[34mSELECT sqlite_version(*)[0m
  ↳ bin/rails:9
  [1m[35m (151.4ms)[0m  [1m[35mCREATE TABLE "schema_migrations" ("version" varchar NOT NULL PRIMARY KEY)[0m
  ↳ bin/rails:9
  [1m[35m (130.6ms)[0m  [1m[35mCREATE TABLE "ar_internal_metadata" ("key" varchar NOT NULL PRIMARY KEY, "value" varchar, "created_at" datetime NOT NULL, "updated_at" datetime NOT NULL)[0m
  ↳ bin/rails:9
  [1m[35m (0.2ms)[0m  [1m[34mSELECT "schema_migrations"."version" FROM "schema_migrations" ORDER BY "schema_migrations"."version" ASC[0m
  ↳ bin/rails:9
Migrating to CreateUsers (20190515122439)
  [1m[35m (0.0ms)[0m  [1m[36mbegin transaction[0m
  ↳ bin/rails:9
  [1m[35m (0.3ms)[0m  [1m[35mCREATE TABLE "users" ("id" integer PRIMARY KEY AUTOINCREMENT NOT NULL, "name" varchar, "document" varchar, "kind" integer, "status" integer, "notes" text, "created_at" datetime NOT NULL, "updated_at" datetime NOT NULL)[0m
  ↳ db/migrate/20190515122439_create_users.rb:3
  [1m[36mActiveRecord::SchemaMigration Create (0.1ms)[0m  [1m[32mINSERT INTO "schema_migrations" ("version") VALUES (?)[0m  [["version", "20190515122439"]]
  ↳ bin/rails:9
  [1m[35m (135.6ms)[0m  [1m[36mcommit transaction[0m
  ↳ bin/rails:9
Migrating to CreateClients (20190515122457)
  [1m[35m (0.1ms)[0m  [1m[36mbegin transaction[0m
  ↳ bin/rails:9
  [1m[35m (0.5ms)[0m  [1m[35mCREATE TABLE "clients" ("id" integer PRIMARY KEY AUTOINCREMENT NOT NULL, "name" varchar, "company_name" varchar, "document" varchar, "email" varchar, "phone" varchar, "user_id" integer, "notes" text, "status" integer, "created_at" datetime NOT NULL, "updated_at" datetime NOT NULL, CONSTRAINT "fk_rails_21c421fd41"
FOREIGN KEY ("user_id")
  REFERENCES "users" ("id")
)[0m
  ↳ db/migrate/20190515122457_create_clients.rb:3
  [1m[35m (0.2ms)[0m  [1m[35mCREATE  INDEX "index_clients_on_user_id" ON "clients" ("user_id")[0m
  ↳ db/migrate/20190515122457_create_clients.rb:3
  [1m[36mActiveRecord::SchemaMigration Create (0.3ms)[0m  [1m[32mINSERT INTO "schema_migrations" ("version") VALUES (?)[0m  [["version", "20190515122457"]]
  ↳ bin/rails:9
  [1m[35m (178.0ms)[0m  [1m[36mcommit transaction[0m
  ↳ bin/rails:9
Migrating to CreateProducts (20190515122506)
  [1m[35m (0.2ms)[0m  [1m[36mbegin transaction[0m
  ↳ bin/rails:9
  [1m[35m (1.1ms)[0m  [1m[35mCREATE TABLE "products" ("id" integer PRIMARY KEY AUTOINCREMENT NOT NULL, "name" varchar, "description" text, "status" integer, "created_at" datetime NOT NULL, "updated_at" datetime NOT NULL)[0m
  ↳ db/migrate/20190515122506_create_products.rb:3
  [1m[36mActiveRecord::SchemaMigration Create (0.6ms)[0m  [1m[32mINSERT INTO "schema_migrations" ("version") VALUES (?)[0m  [["version", "20190515122506"]]
  ↳ bin/rails:9
  [1m[35m (168.6ms)[0m  [1m[36mcommit transaction[0m
  ↳ bin/rails:9
Migrating to CreateDiscounts (20190515122515)
  [1m[35m (0.2ms)[0m  [1m[36mbegin transaction[0m
  ↳ bin/rails:9
  [1m[35m (1.4ms)[0m  [1m[35mCREATE TABLE "discounts" ("id" integer PRIMARY KEY AUTOINCREMENT NOT NULL, "name" varchar, "description" text, "value" integer, "kind" integer, "status" integer, "created_at" datetime NOT NULL, "updated_at" datetime NOT NULL)[0m
  ↳ db/migrate/20190515122515_create_discounts.rb:3
  [1m[36mActiveRecord::SchemaMigration Create (0.7ms)[0m  [1m[32mINSERT INTO "schema_migrations" ("version") VALUES (?)[0m  [["version", "20190515122515"]]
  ↳ bin/rails:9
  [1m[35m (187.6ms)[0m  [1m[36mcommit transaction[0m
  ↳ bin/rails:9
Migrating to CreateProductQuantities (20190515122524)
  [1m[35m (0.2ms)[0m  [1m[36mbegin transaction[0m
  ↳ bin/rails:9
  [1m[35m (1.4ms)[0m  [1m[35mCREATE TABLE "product_quantities" ("id" integer PRIMARY KEY AUTOINCREMENT NOT NULL, "product_id" integer, "quantity" integer, "user_id" integer, "created_at" datetime NOT NULL, "updated_at" datetime NOT NULL, CONSTRAINT "fk_rails_9ed819d17f"
FOREIGN KEY ("product_id")
  REFERENCES "products" ("id")
, CONSTRAINT "fk_rails_d4973535be"
FOREIGN KEY ("user_id")
  REFERENCES "users" ("id")
)[0m
  ↳ db/migrate/20190515122524_create_product_quantities.rb:3
  [1m[35m (0.5ms)[0m  [1m[35mCREATE  INDEX "index_product_quantities_on_product_id" ON "product_quantities" ("product_id")[0m
  ↳ db/migrate/20190515122524_create_product_quantities.rb:3
  [1m[35m (0.4ms)[0m  [1m[35mCREATE  INDEX "index_product_quantities_on_user_id" ON "product_quantities" ("user_id")[0m
  ↳ db/migrate/20190515122524_create_product_quantities.rb:3
  [1m[36mActiveRecord::SchemaMigration Create (0.4ms)[0m  [1m[32mINSERT INTO "schema_migrations" ("version") VALUES (?)[0m  [["version", "20190515122524"]]
  ↳ bin/rails:9
  [1m[35m (128.0ms)[0m  [1m[36mcommit transaction[0m
  ↳ bin/rails:9
Migrating to CreateSales (20190515122532)
  [1m[35m (0.3ms)[0m  [1m[36mbegin transaction[0m
  ↳ bin/rails:9
  [1m[35m (1.6ms)[0m  [1m[35mCREATE TABLE "sales" ("id" integer PRIMARY KEY AUTOINCREMENT NOT NULL, "client_id" integer, "sale_date" date, "user_id" integer, "discount_id" integer, "notes" text, "created_at" datetime NOT NULL, "updated_at" datetime NOT NULL, CONSTRAINT "fk_rails_3fb137af04"
FOREIGN KEY ("client_id")
  REFERENCES "clients" ("id")
, CONSTRAINT "fk_rails_8e94f16ccc"
FOREIGN KEY ("user_id")
  REFERENCES "users" ("id")
, CONSTRAINT "fk_rails_133d74bb6b"
FOREIGN KEY ("discount_id")
  REFERENCES "discounts" ("id")
)[0m
  ↳ db/migrate/20190515122532_create_sales.rb:3
  [1m[35m (0.8ms)[0m  [1m[35mCREATE  INDEX "index_sales_on_client_id" ON "sales" ("client_id")[0m
  ↳ db/migrate/20190515122532_create_sales.rb:3
  [1m[35m (0.6ms)[0m  [1m[35mCREATE  INDEX "index_sales_on_user_id" ON "sales" ("user_id")[0m
  ↳ db/migrate/20190515122532_create_sales.rb:3
  [1m[35m (0.8ms)[0m  [1m[35mCREATE  INDEX "index_sales_on_discount_id" ON "sales" ("discount_id")[0m
  ↳ db/migrate/20190515122532_create_sales.rb:3
  [1m[36mActiveRecord::SchemaMigration Create (0.7ms)[0m  [1m[32mINSERT INTO "schema_migrations" ("version") VALUES (?)[0m  [["version", "20190515122532"]]
  ↳ bin/rails:9
  [1m[35m (127.7ms)[0m  [1m[36mcommit transaction[0m
  ↳ bin/rails:9
Migrating to CreateComissions (20190515122541)
  [1m[35m (0.2ms)[0m  [1m[36mbegin transaction[0m
  ↳ bin/rails:9
  [1m[35m (1.6ms)[0m  [1m[35mCREATE TABLE "comissions" ("id" integer PRIMARY KEY AUTOINCREMENT NOT NULL, "sale_id" integer, "value" decimal, "user_id" integer, "status" integer, "note" text, "created_at" datetime NOT NULL, "updated_at" datetime NOT NULL, CONSTRAINT "fk_rails_07b74f871e"
FOREIGN KEY ("sale_id")
  REFERENCES "sales" ("id")
, CONSTRAINT "fk_rails_0e35f67291"
FOREIGN KEY ("user_id")
  REFERENCES "users" ("id")
)[0m
  ↳ db/migrate/20190515122541_create_comissions.rb:3
  [1m[35m (0.7ms)[0m  [1m[35mCREATE  INDEX "index_comissions_on_sale_id" ON "comissions" ("sale_id")[0m
  ↳ db/migrate/20190515122541_create_comissions.rb:3
  [1m[35m (0.5ms)[0m  [1m[35mCREATE  INDEX "index_comissions_on_user_id" ON "comissions" ("user_id")[0m
  ↳ db/migrate/20190515122541_create_comissions.rb:3
  [1m[36mActiveRecord::SchemaMigration Create (0.7ms)[0m  [1m[32mINSERT INTO "schema_migrations" ("version") VALUES (?)[0m  [["version", "20190515122541"]]
  ↳ bin/rails:9
  [1m[35m (132.8ms)[0m  [1m[36mcommit transaction[0m
  ↳ bin/rails:9
  [1m[36mActiveRecord::InternalMetadata Load (0.7ms)[0m  [1m[34mSELECT  "ar_internal_metadata".* FROM "ar_internal_metadata" WHERE "ar_internal_metadata"."key" = ? LIMIT ?[0m  [["key", "environment"], ["LIMIT", 1]]
  ↳ bin/rails:9
  [1m[35m (0.3ms)[0m  [1m[36mbegin transaction[0m
  ↳ bin/rails:9
  [1m[36mActiveRecord::InternalMetadata Create (0.8ms)[0m  [1m[32mINSERT INTO "ar_internal_metadata" ("key", "value", "created_at", "updated_at") VALUES (?, ?, ?, ?)[0m  [["key", "environment"], ["value", "development"], ["created_at", "2019-05-15 12:29:50.495729"], ["updated_at", "2019-05-15 12:29:50.495729"]]
  ↳ bin/rails:9
  [1m[35m (109.2ms)[0m  [1m[36mcommit transaction[0m
  ↳ bin/rails:9
  [1m[35m (0.6ms)[0m  [1m[34mSELECT "schema_migrations"."version" FROM "schema_migrations" ORDER BY "schema_migrations"."version" ASC[0m
  ↳ bin/rails:9
  [1m[35m (0.1ms)[0m  [1m[34mSELECT "schema_migrations"."version" FROM "schema_migrations" ORDER BY "schema_migrations"."version" ASC[0m
  ↳ bin/rails:9
Migrating to CreateAddresses (20190515123500)
  [1m[35m (0.0ms)[0m  [1m[36mbegin transaction[0m
  ↳ bin/rails:9
  [1m[35m (0.0ms)[0m  [1m[34mSELECT sqlite_version(*)[0m
  ↳ db/migrate/20190515123500_create_addresses.rb:3
  [1m[35m (0.3ms)[0m  [1m[35mCREATE TABLE "addresses" ("id" integer PRIMARY KEY AUTOINCREMENT NOT NULL, "country" varchar, "city" varchar, "state" varchar, "neighborhood" varchar, "street" varchar, "number" varchar, "client_id" integer, "user_id" integer, "created_at" datetime NOT NULL, "updated_at" datetime NOT NULL, CONSTRAINT "fk_rails_cef659b3ac"
FOREIGN KEY ("client_id")
  REFERENCES "clients" ("id")
)[0m
  ↳ db/migrate/20190515123500_create_addresses.rb:3
  [1m[35m (0.0ms)[0m  [1m[31mrollback transaction[0m
  ↳ bin/rails:9
  [1m[35m (0.1ms)[0m  [1m[34mSELECT "schema_migrations"."version" FROM "schema_migrations" ORDER BY "schema_migrations"."version" ASC[0m
  ↳ bin/rails:9
Migrating to CreateAddresses (20190515123500)
  [1m[35m (0.0ms)[0m  [1m[36mbegin transaction[0m
  ↳ bin/rails:9
  [1m[35m (0.0ms)[0m  [1m[34mSELECT sqlite_version(*)[0m
  ↳ db/migrate/20190515123500_create_addresses.rb:3
  [1m[35m (0.2ms)[0m  [1m[35mCREATE TABLE "addresses" ("id" integer PRIMARY KEY AUTOINCREMENT NOT NULL, "country" varchar, "city" varchar, "state" varchar, "neighborhood" varchar, "street" varchar, "number" varchar, "client_id" integer, "user_id" integer, "created_at" datetime NOT NULL, "updated_at" datetime NOT NULL, CONSTRAINT "fk_rails_cef659b3ac"
FOREIGN KEY ("client_id")
  REFERENCES "clients" ("id")
)[0m
  ↳ db/migrate/20190515123500_create_addresses.rb:3
  [1m[35m (0.1ms)[0m  [1m[35mCREATE  INDEX "index_addresses_on_client_id" ON "addresses" ("client_id")[0m
  ↳ db/migrate/20190515123500_create_addresses.rb:3
  [1m[36mActiveRecord::SchemaMigration Create (0.1ms)[0m  [1m[32mINSERT INTO "schema_migrations" ("version") VALUES (?)[0m  [["version", "20190515123500"]]
  ↳ bin/rails:9
  [1m[35m (264.4ms)[0m  [1m[36mcommit transaction[0m
  ↳ bin/rails:9
  [1m[36mActiveRecord::InternalMetadata Load (0.4ms)[0m  [1m[34mSELECT  "ar_internal_metadata".* FROM "ar_internal_metadata" WHERE "ar_internal_metadata"."key" = ? LIMIT ?[0m  [["key", "environment"], ["LIMIT", 1]]
  ↳ bin/rails:9
  [1m[35m (0.1ms)[0m  [1m[36mbegin transaction[0m
  ↳ bin/rails:9
  [1m[35m (0.1ms)[0m  [1m[36mcommit transaction[0m
  ↳ bin/rails:9
  [1m[35m (0.2ms)[0m  [1m[34mSELECT "schema_migrations"."version" FROM "schema_migrations" ORDER BY "schema_migrations"."version" ASC[0m
  ↳ bin/rails:9
Started GET "/" for 127.0.0.1 at 2019-05-15 09:42:24 -0300
  [1m[35m (0.1ms)[0m  [1m[34mSELECT "schema_migrations"."version" FROM "schema_migrations" ORDER BY "schema_migrations"."version" ASC[0m
  ↳ /var/lib/gems/2.5.0/gems/activerecord-5.2.3/lib/active_record/log_subscriber.rb:98
Processing by RailsAdmin::MainController#dashboard as HTML
  [1m[35m (0.1ms)[0m  [1m[34mSELECT COUNT(*) FROM "addresses"[0m
  ↳ /var/lib/gems/2.5.0/gems/activerecord-5.2.3/lib/active_record/log_subscriber.rb:98
  [1m[36mAddress Load (0.1ms)[0m  [1m[34mSELECT  "addresses".* FROM "addresses" ORDER BY "addresses"."id" DESC LIMIT ?[0m  [["LIMIT", 1]]
  ↳ /var/lib/gems/2.5.0/gems/activerecord-5.2.3/lib/active_record/log_subscriber.rb:98
  [1m[35m (0.0ms)[0m  [1m[34mSELECT COUNT(*) FROM "clients"[0m
  ↳ /var/lib/gems/2.5.0/gems/activerecord-5.2.3/lib/active_record/log_subscriber.rb:98
  [1m[36mClient Load (0.1ms)[0m  [1m[34mSELECT  "clients".* FROM "clients" ORDER BY "clients"."id" DESC LIMIT ?[0m  [["LIMIT", 1]]
  ↳ /var/lib/gems/2.5.0/gems/activerecord-5.2.3/lib/active_record/log_subscriber.rb:98
  [1m[35m (0.1ms)[0m  [1m[34mSELECT COUNT(*) FROM "comissions"[0m
  ↳ /var/lib/gems/2.5.0/gems/activerecord-5.2.3/lib/active_record/log_subscriber.rb:98
  [1m[36mComission Load (0.1ms)[0m  [1m[34mSELECT  "comissions".* FROM "comissions" ORDER BY "comissions"."id" DESC LIMIT ?[0m  [["LIMIT", 1]]
  ↳ /var/lib/gems/2.5.0/gems/activerecord-5.2.3/lib/active_record/log_subscriber.rb:98
  [1m[35m (0.0ms)[0m  [1m[34mSELECT COUNT(*) FROM "discounts"[0m
  ↳ /var/lib/gems/2.5.0/gems/activerecord-5.2.3/lib/active_record/log_subscriber.rb:98
  [1m[36mDiscount Load (0.1ms)[0m  [1m[34mSELECT  "discounts".* FROM "discounts" ORDER BY "discounts"."id" DESC LIMIT ?[0m  [["LIMIT", 1]]
  ↳ /var/lib/gems/2.5.0/gems/activerecord-5.2.3/lib/active_record/log_subscriber.rb:98
  [1m[35m (0.0ms)[0m  [1m[34mSELECT COUNT(*) FROM "products"[0m
  ↳ /var/lib/gems/2.5.0/gems/activerecord-5.2.3/lib/active_record/log_subscriber.rb:98
  [1m[36mProduct Load (0.1ms)[0m  [1m[34mSELECT  "products".* FROM "products" ORDER BY "products"."id" DESC LIMIT ?[0m  [["LIMIT", 1]]
  ↳ /var/lib/gems/2.5.0/gems/activerecord-5.2.3/lib/active_record/log_subscriber.rb:98
  [1m[35m (0.1ms)[0m  [1m[34mSELECT COUNT(*) FROM "product_quantities"[0m
  ↳ /var/lib/gems/2.5.0/gems/activerecord-5.2.3/lib/active_record/log_subscriber.rb:98
  [1m[36mProductQuantity Load (0.1ms)[0m  [1m[34mSELECT  "product_quantities".* FROM "product_quantities" ORDER BY "product_quantities"."id" DESC LIMIT ?[0m  [["LIMIT", 1]]
  ↳ /var/lib/gems/2.5.0/gems/activerecord-5.2.3/lib/active_record/log_subscriber.rb:98
  [1m[35m (0.1ms)[0m  [1m[34mSELECT COUNT(*) FROM "sales"[0m
  ↳ /var/lib/gems/2.5.0/gems/activerecord-5.2.3/lib/active_record/log_subscriber.rb:98
  [1m[36mSale Load (0.1ms)[0m  [1m[34mSELECT  "sales".* FROM "sales" ORDER BY "sales"."id" DESC LIMIT ?[0m  [["LIMIT", 1]]
  ↳ /var/lib/gems/2.5.0/gems/activerecord-5.2.3/lib/active_record/log_subscriber.rb:98
  [1m[35m (0.0ms)[0m  [1m[34mSELECT COUNT(*) FROM "users"[0m
  ↳ /var/lib/gems/2.5.0/gems/activerecord-5.2.3/lib/active_record/log_subscriber.rb:98
  [1m[36mUser Load (0.1ms)[0m  [1m[34mSELECT  "users".* FROM "users" ORDER BY "users"."id" DESC LIMIT ?[0m  [["LIMIT", 1]]
  ↳ /var/lib/gems/2.5.0/gems/activerecord-5.2.3/lib/active_record/log_subscriber.rb:98
  Rendering /var/lib/gems/2.5.0/gems/rails_admin-1.4.2/app/views/rails_admin/main/dashboard.html.haml within layouts/rails_admin/application
  Rendered /var/lib/gems/2.5.0/gems/rails_admin-1.4.2/app/views/rails_admin/main/dashboard.html.haml within layouts/rails_admin/application (46.7ms)
  Rendered /var/lib/gems/2.5.0/gems/rails_admin-1.4.2/app/views/layouts/rails_admin/_secondary_navigation.html.haml (3.4ms)
  Rendered /var/lib/gems/2.5.0/gems/rails_admin-1.4.2/app/views/layouts/rails_admin/_navigation.html.haml (7.0ms)
  Rendered /var/lib/gems/2.5.0/gems/rails_admin-1.4.2/app/views/layouts/rails_admin/_sidebar_navigation.html.haml (4.6ms)
  Rendering /var/lib/gems/2.5.0/gems/rails_admin-1.4.2/app/views/layouts/rails_admin/pjax.html.haml
  Rendered /var/lib/gems/2.5.0/gems/rails_admin-1.4.2/app/views/layouts/rails_admin/pjax.html.haml (3.2ms)
Completed 200 OK in 8919ms (Views: 8303.6ms | ActiveRecord: 3.6ms)


Started GET "/address?_pjax=%5Bdata-pjax-container%5D" for 127.0.0.1 at 2019-05-15 09:42:56 -0300
Processing by RailsAdmin::MainController#index as HTML
  Parameters: {"_pjax"=>"[data-pjax-container]", "model_name"=>"address"}
  Rendering /var/lib/gems/2.5.0/gems/rails_admin-1.4.2/app/views/rails_admin/main/index.html.haml within layouts/rails_admin/pjax
  [1m[36mAddress Load (0.2ms)[0m  [1m[34mSELECT  "addresses".* FROM "addresses" ORDER BY addresses.id desc LIMIT ? OFFSET ?[0m  [["LIMIT", 20], ["OFFSET", 0]]
  ↳ /var/lib/gems/2.5.0/gems/activerecord-5.2.3/lib/active_record/log_subscriber.rb:98
  Rendered /var/lib/gems/2.5.0/gems/rails_admin-1.4.2/app/views/rails_admin/main/index.html.haml within layouts/rails_admin/pjax (93.0ms)
Completed 200 OK in 146ms (Views: 106.6ms | ActiveRecord: 0.2ms)


Started GET "/client?_pjax=%5Bdata-pjax-container%5D" for 127.0.0.1 at 2019-05-15 09:42:59 -0300
Processing by RailsAdmin::MainController#index as HTML
  Parameters: {"_pjax"=>"[data-pjax-container]", "model_name"=>"client"}
  Rendering /var/lib/gems/2.5.0/gems/rails_admin-1.4.2/app/views/rails_admin/main/index.html.haml within layouts/rails_admin/pjax
  [1m[36mClient Load (0.2ms)[0m  [1m[34mSELECT  "clients".* FROM "clients" ORDER BY clients.id desc LIMIT ? OFFSET ?[0m  [["LIMIT", 20], ["OFFSET", 0]]
  ↳ /var/lib/gems/2.5.0/gems/activerecord-5.2.3/lib/active_record/log_subscriber.rb:98
  Rendered /var/lib/gems/2.5.0/gems/rails_admin-1.4.2/app/views/rails_admin/main/index.html.haml within layouts/rails_admin/pjax (80.8ms)
Completed 200 OK in 129ms (Views: 92.6ms | ActiveRecord: 0.2ms)


Started GET "/comission?_pjax=%5Bdata-pjax-container%5D" for 127.0.0.1 at 2019-05-15 09:42:59 -0300
Processing by RailsAdmin::MainController#index as HTML
  Parameters: {"_pjax"=>"[data-pjax-container]", "model_name"=>"comission"}
  Rendering /var/lib/gems/2.5.0/gems/rails_admin-1.4.2/app/views/rails_admin/main/index.html.haml within layouts/rails_admin/pjax
  [1m[36mComission Load (0.1ms)[0m  [1m[34mSELECT  "comissions".* FROM "comissions" ORDER BY comissions.id desc LIMIT ? OFFSET ?[0m  [["LIMIT", 20], ["OFFSET", 0]]
  ↳ /var/lib/gems/2.5.0/gems/activerecord-5.2.3/lib/active_record/log_subscriber.rb:98
  Rendered /var/lib/gems/2.5.0/gems/rails_admin-1.4.2/app/views/rails_admin/main/index.html.haml within layouts/rails_admin/pjax (39.9ms)
Completed 200 OK in 101ms (Views: 47.2ms | ActiveRecord: 0.1ms)


Started GET "/discount?_pjax=%5Bdata-pjax-container%5D" for 127.0.0.1 at 2019-05-15 09:43:00 -0300
Processing by RailsAdmin::MainController#index as HTML
  Parameters: {"_pjax"=>"[data-pjax-container]", "model_name"=>"discount"}
  Rendering /var/lib/gems/2.5.0/gems/rails_admin-1.4.2/app/views/rails_admin/main/index.html.haml within layouts/rails_admin/pjax
  [1m[36mDiscount Load (0.1ms)[0m  [1m[34mSELECT  "discounts".* FROM "discounts" ORDER BY discounts.id desc LIMIT ? OFFSET ?[0m  [["LIMIT", 20], ["OFFSET", 0]]
  ↳ /var/lib/gems/2.5.0/gems/activerecord-5.2.3/lib/active_record/log_subscriber.rb:98
  Rendered /var/lib/gems/2.5.0/gems/rails_admin-1.4.2/app/views/rails_admin/main/index.html.haml within layouts/rails_admin/pjax (35.1ms)
Completed 200 OK in 111ms (Views: 44.6ms | ActiveRecord: 0.1ms)


Started GET "/product?_pjax=%5Bdata-pjax-container%5D" for 127.0.0.1 at 2019-05-15 09:43:01 -0300
Processing by RailsAdmin::MainController#index as HTML
  Parameters: {"_pjax"=>"[data-pjax-container]", "model_name"=>"product"}
  Rendering /var/lib/gems/2.5.0/gems/rails_admin-1.4.2/app/views/rails_admin/main/index.html.haml within layouts/rails_admin/pjax
  [1m[36mProduct Load (0.1ms)[0m  [1m[34mSELECT  "products".* FROM "products" ORDER BY products.id desc LIMIT ? OFFSET ?[0m  [["LIMIT", 20], ["OFFSET", 0]]
  ↳ /var/lib/gems/2.5.0/gems/activerecord-5.2.3/lib/active_record/log_subscriber.rb:98
  Rendered /var/lib/gems/2.5.0/gems/rails_admin-1.4.2/app/views/rails_admin/main/index.html.haml within layouts/rails_admin/pjax (36.5ms)
Completed 200 OK in 103ms (Views: 45.7ms | ActiveRecord: 0.1ms)


Started GET "/product_quantity?_pjax=%5Bdata-pjax-container%5D" for 127.0.0.1 at 2019-05-15 09:43:01 -0300
Processing by RailsAdmin::MainController#index as HTML
  Parameters: {"_pjax"=>"[data-pjax-container]", "model_name"=>"product_quantity"}
  Rendering /var/lib/gems/2.5.0/gems/rails_admin-1.4.2/app/views/rails_admin/main/index.html.haml within layouts/rails_admin/pjax
  [1m[36mProductQuantity Load (0.2ms)[0m  [1m[34mSELECT  "product_quantities".* FROM "product_quantities" ORDER BY product_quantities.id desc LIMIT ? OFFSET ?[0m  [["LIMIT", 20], ["OFFSET", 0]]
  ↳ /var/lib/gems/2.5.0/gems/activerecord-5.2.3/lib/active_record/log_subscriber.rb:98
  Rendered /var/lib/gems/2.5.0/gems/rails_admin-1.4.2/app/views/rails_admin/main/index.html.haml within layouts/rails_admin/pjax (37.0ms)
Completed 200 OK in 94ms (Views: 44.5ms | ActiveRecord: 0.2ms)


Started GET "/sale?_pjax=%5Bdata-pjax-container%5D" for 127.0.0.1 at 2019-05-15 09:43:02 -0300
Processing by RailsAdmin::MainController#index as HTML
  Parameters: {"_pjax"=>"[data-pjax-container]", "model_name"=>"sale"}
  Rendering /var/lib/gems/2.5.0/gems/rails_admin-1.4.2/app/views/rails_admin/main/index.html.haml within layouts/rails_admin/pjax
  [1m[36mSale Load (0.2ms)[0m  [1m[34mSELECT  "sales".* FROM "sales" ORDER BY sales.id desc LIMIT ? OFFSET ?[0m  [["LIMIT", 20], ["OFFSET", 0]]
  ↳ /var/lib/gems/2.5.0/gems/activerecord-5.2.3/lib/active_record/log_subscriber.rb:98
  Rendered /var/lib/gems/2.5.0/gems/rails_admin-1.4.2/app/views/rails_admin/main/index.html.haml within layouts/rails_admin/pjax (64.6ms)
Completed 200 OK in 115ms (Views: 78.9ms | ActiveRecord: 0.2ms)


Started GET "/user?_pjax=%5Bdata-pjax-container%5D" for 127.0.0.1 at 2019-05-15 09:43:02 -0300
Processing by RailsAdmin::MainController#index as HTML
  Parameters: {"_pjax"=>"[data-pjax-container]", "model_name"=>"user"}
  Rendering /var/lib/gems/2.5.0/gems/rails_admin-1.4.2/app/views/rails_admin/main/index.html.haml within layouts/rails_admin/pjax
  [1m[36mUser Load (0.2ms)[0m  [1m[34mSELECT  "users".* FROM "users" ORDER BY users.id desc LIMIT ? OFFSET ?[0m  [["LIMIT", 20], ["OFFSET", 0]]
  ↳ /var/lib/gems/2.5.0/gems/activerecord-5.2.3/lib/active_record/log_subscriber.rb:98
  Rendered /var/lib/gems/2.5.0/gems/rails_admin-1.4.2/app/views/rails_admin/main/index.html.haml within layouts/rails_admin/pjax (44.9ms)
Completed 200 OK in 108ms (Views: 56.1ms | ActiveRecord: 0.2ms)


Started GET "/address?_pjax=%5Bdata-pjax-container%5D" for 127.0.0.1 at 2019-05-15 09:43:04 -0300
Processing by RailsAdmin::MainController#index as HTML
  Parameters: {"_pjax"=>"[data-pjax-container]", "model_name"=>"address"}
  Rendering /var/lib/gems/2.5.0/gems/rails_admin-1.4.2/app/views/rails_admin/main/index.html.haml within layouts/rails_admin/pjax
  [1m[36mAddress Load (0.2ms)[0m  [1m[34mSELECT  "addresses".* FROM "addresses" ORDER BY addresses.id desc LIMIT ? OFFSET ?[0m  [["LIMIT", 20], ["OFFSET", 0]]
  ↳ /var/lib/gems/2.5.0/gems/activerecord-5.2.3/lib/active_record/log_subscriber.rb:98
  Rendered /var/lib/gems/2.5.0/gems/rails_admin-1.4.2/app/views/rails_admin/main/index.html.haml within layouts/rails_admin/pjax (48.9ms)
Completed 200 OK in 92ms (Views: 62.7ms | ActiveRecord: 0.2ms)


Started GET "/client?_pjax=%5Bdata-pjax-container%5D" for 127.0.0.1 at 2019-05-15 09:43:08 -0300
Processing by RailsAdmin::MainController#index as HTML
  Parameters: {"_pjax"=>"[data-pjax-container]", "model_name"=>"client"}
  Rendering /var/lib/gems/2.5.0/gems/rails_admin-1.4.2/app/views/rails_admin/main/index.html.haml within layouts/rails_admin/pjax
  [1m[36mClient Load (0.2ms)[0m  [1m[34mSELECT  "clients".* FROM "clients" ORDER BY clients.id desc LIMIT ? OFFSET ?[0m  [["LIMIT", 20], ["OFFSET", 0]]
  ↳ /var/lib/gems/2.5.0/gems/activerecord-5.2.3/lib/active_record/log_subscriber.rb:98
  Rendered /var/lib/gems/2.5.0/gems/rails_admin-1.4.2/app/views/rails_admin/main/index.html.haml within layouts/rails_admin/pjax (75.6ms)
Completed 200 OK in 123ms (Views: 90.8ms | ActiveRecord: 0.2ms)


Started GET "/client/new?_pjax=%5Bdata-pjax-container%5D" for 127.0.0.1 at 2019-05-15 09:43:10 -0300
Processing by RailsAdmin::MainController#new as HTML
  Parameters: {"_pjax"=>"[data-pjax-container]", "model_name"=>"client"}
  Rendering /var/lib/gems/2.5.0/gems/rails_admin-1.4.2/app/views/rails_admin/main/new.html.haml within layouts/rails_admin/pjax
  Rendered /var/lib/gems/2.5.0/gems/rails_admin-1.4.2/app/views/rails_admin/main/_form_field.html.haml (3.2ms)
  Rendered /var/lib/gems/2.5.0/gems/rails_admin-1.4.2/app/views/rails_admin/main/_form_field.html.haml (0.3ms)
  Rendered /var/lib/gems/2.5.0/gems/rails_admin-1.4.2/app/views/rails_admin/main/_form_field.html.haml (0.8ms)
  Rendered /var/lib/gems/2.5.0/gems/rails_admin-1.4.2/app/views/rails_admin/main/_form_field.html.haml (0.3ms)
  Rendered /var/lib/gems/2.5.0/gems/rails_admin-1.4.2/app/views/rails_admin/main/_form_field.html.haml (0.2ms)
  [1m[35m (0.2ms)[0m  [1m[34mSELECT COUNT(*) FROM "users"[0m
  ↳ /var/lib/gems/2.5.0/gems/activerecord-5.2.3/lib/active_record/log_subscriber.rb:98
  [1m[36mUser Load (0.3ms)[0m  [1m[34mSELECT "users".* FROM "users" ORDER BY users.id desc[0m
  ↳ /var/lib/gems/2.5.0/gems/activerecord-5.2.3/lib/active_record/log_subscriber.rb:98
  Rendered /var/lib/gems/2.5.0/gems/rails_admin-1.4.2/app/views/rails_admin/main/_form_filtering_select.html.haml (11.6ms)
  Rendered /var/lib/gems/2.5.0/gems/rails_admin-1.4.2/app/views/rails_admin/main/_form_text.html.haml (1.5ms)
  Rendered /var/lib/gems/2.5.0/gems/rails_admin-1.4.2/app/views/rails_admin/main/_form_enumeration.html.haml (2.0ms)
  Rendered /var/lib/gems/2.5.0/gems/rails_admin-1.4.2/app/views/rails_admin/main/_submit_buttons.html.haml (6.7ms)
  Rendered /var/lib/gems/2.5.0/gems/rails_admin-1.4.2/app/views/rails_admin/main/new.html.haml within layouts/rails_admin/pjax (60.2ms)
Completed 200 OK in 111ms (Views: 74.5ms | ActiveRecord: 0.5ms)


Started GET "/client" for 127.0.0.1 at 2019-05-15 09:45:07 -0300
Processing by RailsAdmin::MainController#index as HTML
  Parameters: {"model_name"=>"client"}
  Rendering /var/lib/gems/2.5.0/gems/rails_admin-1.4.2/app/views/rails_admin/main/index.html.haml within layouts/rails_admin/application
  [1m[36mClient Load (0.1ms)[0m  [1m[34mSELECT  "clients".* FROM "clients" ORDER BY clients.id desc LIMIT ? OFFSET ?[0m  [["LIMIT", 20], ["OFFSET", 0]]
  ↳ /var/lib/gems/2.5.0/gems/activerecord-5.2.3/lib/active_record/log_subscriber.rb:98
  Rendered /var/lib/gems/2.5.0/gems/rails_admin-1.4.2/app/views/rails_admin/main/index.html.haml within layouts/rails_admin/application (55.8ms)
  Rendered /var/lib/gems/2.5.0/gems/rails_admin-1.4.2/app/views/layouts/rails_admin/_secondary_navigation.html.haml (2.2ms)
  Rendered /var/lib/gems/2.5.0/gems/rails_admin-1.4.2/app/views/layouts/rails_admin/_navigation.html.haml (5.6ms)
  Rendered /var/lib/gems/2.5.0/gems/rails_admin-1.4.2/app/views/layouts/rails_admin/_sidebar_navigation.html.haml (3.4ms)
  Rendering /var/lib/gems/2.5.0/gems/rails_admin-1.4.2/app/views/layouts/rails_admin/pjax.html.haml
  Rendered /var/lib/gems/2.5.0/gems/rails_admin-1.4.2/app/views/layouts/rails_admin/pjax.html.haml (4.0ms)
Completed 200 OK in 170ms (Views: 142.0ms | ActiveRecord: 0.1ms)


Started GET "/client/export?_pjax=%5Bdata-pjax-container%5D" for 127.0.0.1 at 2019-05-15 09:45:35 -0300
Processing by RailsAdmin::MainController#export as HTML
  Parameters: {"_pjax"=>"[data-pjax-container]", "model_name"=>"client"}
  Rendering /var/lib/gems/2.5.0/gems/rails_admin-1.4.2/app/views/rails_admin/main/export.html.haml within layouts/rails_admin/pjax
  [1m[35m (0.1ms)[0m  [1m[34mSELECT '' AS str;[0m
  ↳ /var/lib/gems/2.5.0/gems/activerecord-5.2.3/lib/active_record/log_subscriber.rb:98
  Rendered /var/lib/gems/2.5.0/gems/rails_admin-1.4.2/app/views/rails_admin/main/export.html.haml within layouts/rails_admin/pjax (20.7ms)
Completed 200 OK in 42ms (Views: 33.1ms | ActiveRecord: 0.1ms)


Started GET "/client?_pjax=%5Bdata-pjax-container%5D" for 127.0.0.1 at 2019-05-15 09:45:42 -0300
Processing by RailsAdmin::MainController#index as HTML
  Parameters: {"_pjax"=>"[data-pjax-container]", "model_name"=>"client"}
  Rendering /var/lib/gems/2.5.0/gems/rails_admin-1.4.2/app/views/rails_admin/main/index.html.haml within layouts/rails_admin/pjax
  [1m[36mClient Load (0.2ms)[0m  [1m[34mSELECT  "clients".* FROM "clients" ORDER BY clients.id desc LIMIT ? OFFSET ?[0m  [["LIMIT", 20], ["OFFSET", 0]]
  ↳ /var/lib/gems/2.5.0/gems/activerecord-5.2.3/lib/active_record/log_subscriber.rb:98
  Rendered /var/lib/gems/2.5.0/gems/rails_admin-1.4.2/app/views/rails_admin/main/index.html.haml within layouts/rails_admin/pjax (43.2ms)
Completed 200 OK in 75ms (Views: 54.1ms | ActiveRecord: 0.2ms)


Started GET "/address?_pjax=%5Bdata-pjax-container%5D" for 127.0.0.1 at 2019-05-15 09:45:43 -0300
Processing by RailsAdmin::MainController#index as HTML
  Parameters: {"_pjax"=>"[data-pjax-container]", "model_name"=>"address"}
  Rendering /var/lib/gems/2.5.0/gems/rails_admin-1.4.2/app/views/rails_admin/main/index.html.haml within layouts/rails_admin/pjax
  [1m[36mAddress Load (0.2ms)[0m  [1m[34mSELECT  "addresses".* FROM "addresses" ORDER BY addresses.id desc LIMIT ? OFFSET ?[0m  [["LIMIT", 20], ["OFFSET", 0]]
  ↳ /var/lib/gems/2.5.0/gems/activerecord-5.2.3/lib/active_record/log_subscriber.rb:98
  Rendered /var/lib/gems/2.5.0/gems/rails_admin-1.4.2/app/views/rails_admin/main/index.html.haml within layouts/rails_admin/pjax (53.6ms)
Completed 200 OK in 87ms (Views: 68.5ms | ActiveRecord: 0.2ms)


Started GET "/comission?_pjax=%5Bdata-pjax-container%5D" for 127.0.0.1 at 2019-05-15 09:45:44 -0300
Processing by RailsAdmin::MainController#index as HTML
  Parameters: {"_pjax"=>"[data-pjax-container]", "model_name"=>"comission"}
  Rendering /var/lib/gems/2.5.0/gems/rails_admin-1.4.2/app/views/rails_admin/main/index.html.haml within layouts/rails_admin/pjax
  [1m[36mComission Load (0.2ms)[0m  [1m[34mSELECT  "comissions".* FROM "comissions" ORDER BY comissions.id desc LIMIT ? OFFSET ?[0m  [["LIMIT", 20], ["OFFSET", 0]]
  ↳ /var/lib/gems/2.5.0/gems/activerecord-5.2.3/lib/active_record/log_subscriber.rb:98
  Rendered /var/lib/gems/2.5.0/gems/rails_admin-1.4.2/app/views/rails_admin/main/index.html.haml within layouts/rails_admin/pjax (84.9ms)
Completed 200 OK in 121ms (Views: 98.8ms | ActiveRecord: 0.2ms)


Started GET "/discount?_pjax=%5Bdata-pjax-container%5D" for 127.0.0.1 at 2019-05-15 09:45:44 -0300
Processing by RailsAdmin::MainController#index as HTML
  Parameters: {"_pjax"=>"[data-pjax-container]", "model_name"=>"discount"}
  Rendering /var/lib/gems/2.5.0/gems/rails_admin-1.4.2/app/views/rails_admin/main/index.html.haml within layouts/rails_admin/pjax
  [1m[36mDiscount Load (0.1ms)[0m  [1m[34mSELECT  "discounts".* FROM "discounts" ORDER BY discounts.id desc LIMIT ? OFFSET ?[0m  [["LIMIT", 20], ["OFFSET", 0]]
  ↳ /var/lib/gems/2.5.0/gems/activerecord-5.2.3/lib/active_record/log_subscriber.rb:98
  Rendered /var/lib/gems/2.5.0/gems/rails_admin-1.4.2/app/views/rails_admin/main/index.html.haml within layouts/rails_admin/pjax (30.9ms)
Completed 200 OK in 46ms (Views: 37.2ms | ActiveRecord: 0.1ms)


Started GET "/product?_pjax=%5Bdata-pjax-container%5D" for 127.0.0.1 at 2019-05-15 09:45:45 -0300
Processing by RailsAdmin::MainController#index as HTML
  Parameters: {"_pjax"=>"[data-pjax-container]", "model_name"=>"product"}
  Rendering /var/lib/gems/2.5.0/gems/rails_admin-1.4.2/app/views/rails_admin/main/index.html.haml within layouts/rails_admin/pjax
  [1m[36mProduct Load (0.1ms)[0m  [1m[34mSELECT  "products".* FROM "products" ORDER BY products.id desc LIMIT ? OFFSET ?[0m  [["LIMIT", 20], ["OFFSET", 0]]
  ↳ /var/lib/gems/2.5.0/gems/activerecord-5.2.3/lib/active_record/log_subscriber.rb:98
  Rendered /var/lib/gems/2.5.0/gems/rails_admin-1.4.2/app/views/rails_admin/main/index.html.haml within layouts/rails_admin/pjax (23.3ms)
Completed 200 OK in 38ms (Views: 29.4ms | ActiveRecord: 0.1ms)


Started GET "/product_quantity?_pjax=%5Bdata-pjax-container%5D" for 127.0.0.1 at 2019-05-15 09:45:45 -0300
Processing by RailsAdmin::MainController#index as HTML
  Parameters: {"_pjax"=>"[data-pjax-container]", "model_name"=>"product_quantity"}
  Rendering /var/lib/gems/2.5.0/gems/rails_admin-1.4.2/app/views/rails_admin/main/index.html.haml within layouts/rails_admin/pjax
  [1m[36mProductQuantity Load (0.1ms)[0m  [1m[34mSELECT  "product_quantities".* FROM "product_quantities" ORDER BY product_quantities.id desc LIMIT ? OFFSET ?[0m  [["LIMIT", 20], ["OFFSET", 0]]
  ↳ /var/lib/gems/2.5.0/gems/activerecord-5.2.3/lib/active_record/log_subscriber.rb:98
  Rendered /var/lib/gems/2.5.0/gems/rails_admin-1.4.2/app/views/rails_admin/main/index.html.haml within layouts/rails_admin/pjax (38.2ms)
Completed 200 OK in 59ms (Views: 45.1ms | ActiveRecord: 0.1ms)


Started GET "/sale?_pjax=%5Bdata-pjax-container%5D" for 127.0.0.1 at 2019-05-15 09:45:45 -0300
Processing by RailsAdmin::MainController#index as HTML
  Parameters: {"_pjax"=>"[data-pjax-container]", "model_name"=>"sale"}
  Rendering /var/lib/gems/2.5.0/gems/rails_admin-1.4.2/app/views/rails_admin/main/index.html.haml within layouts/rails_admin/pjax
  [1m[36mSale Load (0.2ms)[0m  [1m[34mSELECT  "sales".* FROM "sales" ORDER BY sales.id desc LIMIT ? OFFSET ?[0m  [["LIMIT", 20], ["OFFSET", 0]]
  ↳ /var/lib/gems/2.5.0/gems/activerecord-5.2.3/lib/active_record/log_subscriber.rb:98
  Rendered /var/lib/gems/2.5.0/gems/rails_admin-1.4.2/app/views/rails_admin/main/index.html.haml within layouts/rails_admin/pjax (33.4ms)
Completed 200 OK in 57ms (Views: 40.3ms | ActiveRecord: 0.2ms)


Started GET "/user?_pjax=%5Bdata-pjax-container%5D" for 127.0.0.1 at 2019-05-15 09:45:46 -0300
Processing by RailsAdmin::MainController#index as HTML
  Parameters: {"_pjax"=>"[data-pjax-container]", "model_name"=>"user"}
  Rendering /var/lib/gems/2.5.0/gems/rails_admin-1.4.2/app/views/rails_admin/main/index.html.haml within layouts/rails_admin/pjax
  [1m[36mUser Load (0.2ms)[0m  [1m[34mSELECT  "users".* FROM "users" ORDER BY users.id desc LIMIT ? OFFSET ?[0m  [["LIMIT", 20], ["OFFSET", 0]]
  ↳ /var/lib/gems/2.5.0/gems/activerecord-5.2.3/lib/active_record/log_subscriber.rb:98
  Rendered /var/lib/gems/2.5.0/gems/rails_admin-1.4.2/app/views/rails_admin/main/index.html.haml within layouts/rails_admin/pjax (70.0ms)
Completed 200 OK in 122ms (Views: 86.5ms | ActiveRecord: 0.2ms)


Started GET "/address?_pjax=%5Bdata-pjax-container%5D" for 127.0.0.1 at 2019-05-15 09:45:54 -0300
Processing by RailsAdmin::MainController#index as HTML
  Parameters: {"_pjax"=>"[data-pjax-container]", "model_name"=>"address"}
  Rendering /var/lib/gems/2.5.0/gems/rails_admin-1.4.2/app/views/rails_admin/main/index.html.haml within layouts/rails_admin/pjax
  [1m[36mAddress Load (0.2ms)[0m  [1m[34mSELECT  "addresses".* FROM "addresses" ORDER BY addresses.id desc LIMIT ? OFFSET ?[0m  [["LIMIT", 20], ["OFFSET", 0]]
  ↳ /var/lib/gems/2.5.0/gems/activerecord-5.2.3/lib/active_record/log_subscriber.rb:98
  Rendered /var/lib/gems/2.5.0/gems/rails_admin-1.4.2/app/views/rails_admin/main/index.html.haml within layouts/rails_admin/pjax (56.6ms)
Completed 200 OK in 100ms (Views: 70.2ms | ActiveRecord: 0.2ms)


Started GET "/client?_pjax=%5Bdata-pjax-container%5D" for 127.0.0.1 at 2019-05-15 09:45:56 -0300
Processing by RailsAdmin::MainController#index as HTML
  Parameters: {"_pjax"=>"[data-pjax-container]", "model_name"=>"client"}
  Rendering /var/lib/gems/2.5.0/gems/rails_admin-1.4.2/app/views/rails_admin/main/index.html.haml within layouts/rails_admin/pjax
  [1m[36mClient Load (0.2ms)[0m  [1m[34mSELECT  "clients".* FROM "clients" ORDER BY clients.id desc LIMIT ? OFFSET ?[0m  [["LIMIT", 20], ["OFFSET", 0]]
  ↳ /var/lib/gems/2.5.0/gems/activerecord-5.2.3/lib/active_record/log_subscriber.rb:98
  Rendered /var/lib/gems/2.5.0/gems/rails_admin-1.4.2/app/views/rails_admin/main/index.html.haml within layouts/rails_admin/pjax (53.3ms)
Completed 200 OK in 102ms (Views: 68.2ms | ActiveRecord: 0.2ms)


Started GET "/comission?_pjax=%5Bdata-pjax-container%5D" for 127.0.0.1 at 2019-05-15 09:45:56 -0300
Processing by RailsAdmin::MainController#index as HTML
  Parameters: {"_pjax"=>"[data-pjax-container]", "model_name"=>"comission"}
  Rendering /var/lib/gems/2.5.0/gems/rails_admin-1.4.2/app/views/rails_admin/main/index.html.haml within layouts/rails_admin/pjax
  [1m[36mComission Load (0.2ms)[0m  [1m[34mSELECT  "comissions".* FROM "comissions" ORDER BY comissions.id desc LIMIT ? OFFSET ?[0m  [["LIMIT", 20], ["OFFSET", 0]]
  ↳ /var/lib/gems/2.5.0/gems/activerecord-5.2.3/lib/active_record/log_subscriber.rb:98
  Rendered /var/lib/gems/2.5.0/gems/rails_admin-1.4.2/app/views/rails_admin/main/index.html.haml within layouts/rails_admin/pjax (34.0ms)
Completed 200 OK in 59ms (Views: 43.4ms | ActiveRecord: 0.2ms)


Started GET "/discount?_pjax=%5Bdata-pjax-container%5D" for 127.0.0.1 at 2019-05-15 09:45:57 -0300
Processing by RailsAdmin::MainController#index as HTML
  Parameters: {"_pjax"=>"[data-pjax-container]", "model_name"=>"discount"}
  Rendering /var/lib/gems/2.5.0/gems/rails_admin-1.4.2/app/views/rails_admin/main/index.html.haml within layouts/rails_admin/pjax
  [1m[36mDiscount Load (0.2ms)[0m  [1m[34mSELECT  "discounts".* FROM "discounts" ORDER BY discounts.id desc LIMIT ? OFFSET ?[0m  [["LIMIT", 20], ["OFFSET", 0]]
  ↳ /var/lib/gems/2.5.0/gems/activerecord-5.2.3/lib/active_record/log_subscriber.rb:98
  Rendered /var/lib/gems/2.5.0/gems/rails_admin-1.4.2/app/views/rails_admin/main/index.html.haml within layouts/rails_admin/pjax (68.3ms)
Completed 200 OK in 114ms (Views: 85.0ms | ActiveRecord: 0.2ms)


Started GET "/address?_pjax=%5Bdata-pjax-container%5D" for 127.0.0.1 at 2019-05-15 09:45:58 -0300
Processing by RailsAdmin::MainController#index as HTML
  Parameters: {"_pjax"=>"[data-pjax-container]", "model_name"=>"address"}
  Rendering /var/lib/gems/2.5.0/gems/rails_admin-1.4.2/app/views/rails_admin/main/index.html.haml within layouts/rails_admin/pjax
  [1m[36mAddress Load (0.2ms)[0m  [1m[34mSELECT  "addresses".* FROM "addresses" ORDER BY addresses.id desc LIMIT ? OFFSET ?[0m  [["LIMIT", 20], ["OFFSET", 0]]
  ↳ /var/lib/gems/2.5.0/gems/activerecord-5.2.3/lib/active_record/log_subscriber.rb:98
  Rendered /var/lib/gems/2.5.0/gems/rails_admin-1.4.2/app/views/rails_admin/main/index.html.haml within layouts/rails_admin/pjax (63.8ms)
Completed 200 OK in 104ms (Views: 79.6ms | ActiveRecord: 0.2ms)


Started GET "/" for 127.0.0.1 at 2019-05-15 20:19:21 -0300
  [1m[35m (0.1ms)[0m  [1m[34mSELECT "schema_migrations"."version" FROM "schema_migrations" ORDER BY "schema_migrations"."version" ASC[0m
  ↳ /var/lib/gems/2.5.0/gems/activerecord-5.2.3/lib/active_record/log_subscriber.rb:98
Processing by RailsAdmin::MainController#dashboard as HTML
  [1m[35m (0.2ms)[0m  [1m[34mSELECT COUNT(*) FROM "addresses"[0m
  ↳ /var/lib/gems/2.5.0/gems/activerecord-5.2.3/lib/active_record/log_subscriber.rb:98
  [1m[36mAddress Load (33.2ms)[0m  [1m[34mSELECT  "addresses".* FROM "addresses" ORDER BY "addresses"."id" DESC LIMIT ?[0m  [["LIMIT", 1]]
  ↳ /var/lib/gems/2.5.0/gems/activerecord-5.2.3/lib/active_record/log_subscriber.rb:98
  [1m[35m (19.4ms)[0m  [1m[34mSELECT COUNT(*) FROM "clients"[0m
  ↳ /var/lib/gems/2.5.0/gems/activerecord-5.2.3/lib/active_record/log_subscriber.rb:98
  [1m[36mClient Load (0.8ms)[0m  [1m[34mSELECT  "clients".* FROM "clients" ORDER BY "clients"."id" DESC LIMIT ?[0m  [["LIMIT", 1]]
  ↳ /var/lib/gems/2.5.0/gems/activerecord-5.2.3/lib/active_record/log_subscriber.rb:98
  [1m[35m (0.6ms)[0m  [1m[34mSELECT COUNT(*) FROM "comissions"[0m
  ↳ /var/lib/gems/2.5.0/gems/activerecord-5.2.3/lib/active_record/log_subscriber.rb:98
  [1m[36mComission Load (0.7ms)[0m  [1m[34mSELECT  "comissions".* FROM "comissions" ORDER BY "comissions"."id" DESC LIMIT ?[0m  [["LIMIT", 1]]
  ↳ /var/lib/gems/2.5.0/gems/activerecord-5.2.3/lib/active_record/log_subscriber.rb:98
  [1m[35m (0.6ms)[0m  [1m[34mSELECT COUNT(*) FROM "discounts"[0m
  ↳ /var/lib/gems/2.5.0/gems/activerecord-5.2.3/lib/active_record/log_subscriber.rb:98
  [1m[36mDiscount Load (0.3ms)[0m  [1m[34mSELECT  "discounts".* FROM "discounts" ORDER BY "discounts"."id" DESC LIMIT ?[0m  [["LIMIT", 1]]
  ↳ /var/lib/gems/2.5.0/gems/activerecord-5.2.3/lib/active_record/log_subscriber.rb:98
  [1m[35m (0.4ms)[0m  [1m[34mSELECT COUNT(*) FROM "products"[0m
  ↳ /var/lib/gems/2.5.0/gems/activerecord-5.2.3/lib/active_record/log_subscriber.rb:98
  [1m[36mProduct Load (0.2ms)[0m  [1m[34mSELECT  "products".* FROM "products" ORDER BY "products"."id" DESC LIMIT ?[0m  [["LIMIT", 1]]
  ↳ /var/lib/gems/2.5.0/gems/activerecord-5.2.3/lib/active_record/log_subscriber.rb:98
  [1m[35m (0.5ms)[0m  [1m[34mSELECT COUNT(*) FROM "product_quantities"[0m
  ↳ /var/lib/gems/2.5.0/gems/activerecord-5.2.3/lib/active_record/log_subscriber.rb:98
  [1m[36mProductQuantity Load (0.2ms)[0m  [1m[34mSELECT  "product_quantities".* FROM "product_quantities" ORDER BY "product_quantities"."id" DESC LIMIT ?[0m  [["LIMIT", 1]]
  ↳ /var/lib/gems/2.5.0/gems/activerecord-5.2.3/lib/active_record/log_subscriber.rb:98
  [1m[35m (0.1ms)[0m  [1m[34mSELECT COUNT(*) FROM "sales"[0m
  ↳ /var/lib/gems/2.5.0/gems/activerecord-5.2.3/lib/active_record/log_subscriber.rb:98
  [1m[36mSale Load (0.1ms)[0m  [1m[34mSELECT  "sales".* FROM "sales" ORDER BY "sales"."id" DESC LIMIT ?[0m  [["LIMIT", 1]]
  ↳ /var/lib/gems/2.5.0/gems/activerecord-5.2.3/lib/active_record/log_subscriber.rb:98
  [1m[35m (10.4ms)[0m  [1m[34mSELECT COUNT(*) FROM "users"[0m
  ↳ /var/lib/gems/2.5.0/gems/activerecord-5.2.3/lib/active_record/log_subscriber.rb:98
  [1m[36mUser Load (0.1ms)[0m  [1m[34mSELECT  "users".* FROM "users" ORDER BY "users"."id" DESC LIMIT ?[0m  [["LIMIT", 1]]
  ↳ /var/lib/gems/2.5.0/gems/activerecord-5.2.3/lib/active_record/log_subscriber.rb:98
  Rendering /var/lib/gems/2.5.0/gems/rails_admin-1.4.2/app/views/rails_admin/main/dashboard.html.haml within layouts/rails_admin/application
  Rendered /var/lib/gems/2.5.0/gems/rails_admin-1.4.2/app/views/rails_admin/main/dashboard.html.haml within layouts/rails_admin/application (22.2ms)
  Rendered /var/lib/gems/2.5.0/gems/rails_admin-1.4.2/app/views/layouts/rails_admin/_secondary_navigation.html.haml (16.1ms)
  Rendered /var/lib/gems/2.5.0/gems/rails_admin-1.4.2/app/views/layouts/rails_admin/_navigation.html.haml (46.8ms)
  Rendered /var/lib/gems/2.5.0/gems/rails_admin-1.4.2/app/views/layouts/rails_admin/_sidebar_navigation.html.haml (12.8ms)
  Rendering /var/lib/gems/2.5.0/gems/rails_admin-1.4.2/app/views/layouts/rails_admin/pjax.html.haml
  Rendered /var/lib/gems/2.5.0/gems/rails_admin-1.4.2/app/views/layouts/rails_admin/pjax.html.haml (9.2ms)
Completed 200 OK in 3799ms (Views: 2896.9ms | ActiveRecord: 76.2ms)


